<?xml version="1.0" encoding="UTF-8"?>
<testng-results ignored="0" total="1" passed="1" failed="0" skipped="0">
  <reporter-output>
  </reporter-output>
  <suite started-at="2023-08-12T11:42:54 IST" name="Suite" finished-at="2023-08-12T11:43:11 IST" duration-ms="17026">
    <groups>
    </groups>
    <test started-at="2023-08-12T11:42:54 IST" name="Test" finished-at="2023-08-12T11:43:11 IST" duration-ms="17026">
      <class name="testng01.Ebay">
        <test-method signature="Brower()[pri:0, instance:testng01.Ebay@72e5a8e]" started-at="2023-08-12T11:42:54 IST" name="Brower" finished-at="2023-08-12T11:43:11 IST" duration-ms="16954" status="PASS">
          <reporter-output>
          </reporter-output>
        </test-method> <!-- Brower -->
      </class> <!-- testng01.Ebay -->
    </test> <!-- Test -->
  </suite> <!-- Suite -->
</testng-results>
